Using pre-set license
Built from '2021.1/staging' branch; Version is '2021.1.24f1 (6667702a1e7c) revision 6711152'; Using compiler version '192528614'; Build Type 'Release'
OS: 'Windows 10 Pro; OS build 22000.376; Version 2009; 64bit' Language: 'ru' Physical Memory: 8191 MB
BatchMode: 1, IsHumanControllingUs: 0, StartBugReporterOnCrash: 0, Is64bit: 1, IsPro: 0

COMMAND LINE ARGUMENTS:
C:\Program Files\2021.1.24f1\Editor\Unity.exe
-adb2
-batchMode
-noUpm
-name
AssetImportWorker0
-projectPath
G:/Git/Unity/AwesomeMechaMaps
-logFile
Logs/AssetImportWorker0.log
-srvPort
60041
Successfully changed project path to: G:/Git/Unity/AwesomeMechaMaps
G:/Git/Unity/AwesomeMechaMaps
Using Asset Import Pipeline V2.
Refreshing native plugins compatible for Editor in 207.81 ms, found 3 plugins.
Preloading 0 native plugins for Editor in 0.00 ms.
Initialize engine version: 2021.1.24f1 (6667702a1e7c)
[Subsystems] Discovering subsystems at path C:/Program Files/2021.1.24f1/Editor/Data/Resources/UnitySubsystems
[Subsystems] Discovering subsystems at path G:/Git/Unity/AwesomeMechaMaps/Assets
GfxDevice: creating device client; threaded=0; jobified=0
Direct3D:
    Version:  Direct3D 11.0 [level 11.1]
    Renderer: NVIDIA GeForce GTX 950 (ID=0x1402)
    Vendor:   NVIDIA
    VRAM:     2007 MB
    Driver:   30.0.14.9709
Initialize mono
Mono path[0] = 'C:/Program Files/2021.1.24f1/Editor/Data/Managed'
Mono path[1] = 'C:/Program Files/2021.1.24f1/Editor/Data/MonoBleedingEdge/lib/mono/unityjit'
Mono config path = 'C:/Program Files/2021.1.24f1/Editor/Data/MonoBleedingEdge/etc'
Using monoOptions --debugger-agent=transport=dt_socket,embedding=1,server=y,suspend=n,address=127.0.0.1:56008
Begin MonoManager ReloadAssembly
Registering precompiled unity dll's ...
Register platform support module: C:/Program Files/2021.1.24f1/Editor/Data/PlaybackEngines/WindowsStandaloneSupport/UnityEditor.WindowsStandalone.Extensions.dll
Registered in 0.005820 seconds.
Native extension for WindowsStandalone target not found
Refreshing native plugins compatible for Editor in 262.67 ms, found 3 plugins.
Preloading 0 native plugins for Editor in 0.00 ms.
Mono: successfully reloaded assembly
- Completed reload, in  5.368 seconds
Domain Reload Profiling:
	ReloadAssembly (5370ms)
		BeginReloadAssembly (231ms)
			ExecutionOrderSort (0ms)
			DisableScriptedObjects (0ms)
			BackupInstance (0ms)
			ReleaseScriptingObjects (0ms)
			CreateAndSetChildDomain (3ms)
		EndReloadAssembly (1776ms)
			LoadAssemblies (223ms)
			RebuildTransferFunctionScriptingTraits (0ms)
			SetupTypeCache (743ms)
			ReleaseScriptCaches (0ms)
			RebuildScriptCaches (81ms)
			SetupLoadedEditorAssemblies (828ms)
				LogAssemblyErrors (0ms)
				InitializePlatformSupportModulesInManaged (13ms)
				SetLoadedEditorAssemblies (1ms)
				RefreshPlugins (263ms)
				BeforeProcessingInitializeOnLoad (4ms)
				ProcessInitializeOnLoadAttributes (364ms)
				ProcessInitializeOnLoadMethodAttributes (182ms)
				AfterProcessingInitializeOnLoad (0ms)
				EditorAssembliesLoaded (1ms)
			ExecutionOrderSort2 (0ms)
			AwakeInstancesAfterBackupRestoration (0ms)
Platform modules already initialized, skipping
Registering precompiled user dll's ...
Registered in 0.027030 seconds.
Begin MonoManager ReloadAssembly
Symbol file LoadedFromMemory doesn't match image G:\Git\Unity\AwesomeMechaMaps\Library\PackageCache\com.unity.visualscripting@1.6.1\Editor\VisualScripting.Core\Dependencies\YamlDotNet\Unity.VisualScripting.YamlDotNet.dll
Symbol file LoadedFromMemory doesn't match image G:\Git\Unity\AwesomeMechaMaps\Library\PackageCache\com.unity.visualscripting@1.6.1\Editor\VisualScripting.Core\Dependencies\DotNetZip\Unity.VisualScripting.IonicZip.dll
Native extension for WindowsStandalone target not found
Refreshing native plugins compatible for Editor in 221.06 ms, found 3 plugins.
Preloading 0 native plugins for Editor in 0.00 ms.
Mono: successfully reloaded assembly
- Completed reload, in  4.873 seconds
Domain Reload Profiling:
	ReloadAssembly (4875ms)
		BeginReloadAssembly (483ms)
			ExecutionOrderSort (0ms)
			DisableScriptedObjects (14ms)
			BackupInstance (0ms)
			ReleaseScriptingObjects (0ms)
			CreateAndSetChildDomain (61ms)
		EndReloadAssembly (4139ms)
			LoadAssemblies (353ms)
			RebuildTransferFunctionScriptingTraits (0ms)
			SetupTypeCache (1646ms)
			ReleaseScriptCaches (1ms)
			RebuildScriptCaches (231ms)
			SetupLoadedEditorAssemblies (1549ms)
				LogAssemblyErrors (0ms)
				InitializePlatformSupportModulesInManaged (7ms)
				SetLoadedEditorAssemblies (0ms)
				RefreshPlugins (221ms)
				BeforeProcessingInitializeOnLoad (159ms)
				ProcessInitializeOnLoadAttributes (1126ms)
				ProcessInitializeOnLoadMethodAttributes (20ms)
				AfterProcessingInitializeOnLoad (14ms)
				EditorAssembliesLoaded (1ms)
			ExecutionOrderSort2 (0ms)
			AwakeInstancesAfterBackupRestoration (22ms)
Platform modules already initialized, skipping
========================================================================
Worker process is ready to serve import requests
Launched and connected shader compiler UnityShaderCompiler.exe after 0.20 seconds
Refreshing native plugins compatible for Editor in 1.35 ms, found 3 plugins.
Preloading 0 native plugins for Editor in 0.00 ms.
Unloading 3659 Unused Serialized files (Serialized files now loaded: 0)
System memory in use before: 148.3 MB.
System memory in use after: 148.5 MB.

Unloading 98 unused Assets to reduce memory usage. Loaded Objects now: 4108.
Total: 10.316200 ms (FindLiveObjects: 0.629100 ms CreateObjectMapping: 0.190100 ms MarkObjects: 8.868000 ms  DeleteObjects: 0.626200 ms)

AssetImportParameters requested are different than current active one (requested -> active):
  custom:framework-win-MediaFoundation: 216162199b28c13a410421893ffa2e32 -> 
  custom:video-decoder-ogg-theora: a1e56fd34408186e4bbccfd4996cb3dc -> 
  custom:container-muxer-webm: aa71ff27fc2769a1b78a27578f13a17b -> 
  custom:container-demuxer-webm: 4f35f7cbe854078d1ac9338744f61a02 -> 
  custom:container-demuxer-ogg: 62fdf1f143b41e24485cea50d1cbac27 -> 
  custom:video-encoder-webm-vp8: eb34c28f22e8b96e1ab97ce403110664 -> 
  custom:video-decoder-webm-vp8: 9c59270c3fd7afecdb556c50c9e8de78 -> 
  custom:audio-decoder-ogg-vorbis: bf7c407c2cedff20999df2af8eb42d56 -> 
  custom:audio-encoder-webm-vorbis: bf7c407c2cedff20999df2af8eb42d56 -> 
========================================================================
Received Import Request.
  path: Assets/Prefabs/CapturePoint.prefab
  artifactKey: Guid(6ab663c910654cf41bc1115ad1794191) Importer(815301076,1909f56bfc062723c751e8b465ee728b)
Start importing Assets/Prefabs/CapturePoint.prefab using Guid(6ab663c910654cf41bc1115ad1794191) Importer(815301076,1909f56bfc062723c751e8b465ee728b)  -> (artifact id: '1c38a99418d0ddef626c1e95c060297b') in 0.155456 seconds 
========================================================================
Received Import Request.
  Time since last request: 77.880068 seconds.
  path: Assets/Prefabs/CapturePoint.prefab
  artifactKey: Guid(6ab663c910654cf41bc1115ad1794191) Importer(815301076,1909f56bfc062723c751e8b465ee728b)
Start importing Assets/Prefabs/CapturePoint.prefab using Guid(6ab663c910654cf41bc1115ad1794191) Importer(815301076,1909f56bfc062723c751e8b465ee728b)  -> (artifact id: 'd5353ea6e95b1fb576362a396fe30b27') in 0.015020 seconds 
========================================================================
Received Import Request.
  Time since last request: 2.688050 seconds.
  path: Assets/Prefabs/CapturePoint.prefab
  artifactKey: Guid(6ab663c910654cf41bc1115ad1794191) Importer(815301076,1909f56bfc062723c751e8b465ee728b)
Start importing Assets/Prefabs/CapturePoint.prefab using Guid(6ab663c910654cf41bc1115ad1794191) Importer(815301076,1909f56bfc062723c751e8b465ee728b)  -> (artifact id: '1b823679c671cab9c31efcdbd44a5162') in 0.021291 seconds 
========================================================================
Received Import Request.
  Time since last request: 28.304993 seconds.
  path: Assets/Prefabs/CapturePoint.prefab
  artifactKey: Guid(6ab663c910654cf41bc1115ad1794191) Importer(815301076,1909f56bfc062723c751e8b465ee728b)
Start importing Assets/Prefabs/CapturePoint.prefab using Guid(6ab663c910654cf41bc1115ad1794191) Importer(815301076,1909f56bfc062723c751e8b465ee728b)  -> (artifact id: 'fef8cd052ad10dea69ddc0cb24403e42') in 0.017433 seconds 
========================================================================
Received Import Request.
  Time since last request: 23.945362 seconds.
  path: Assets/Prefabs/CapturePoint.prefab
  artifactKey: Guid(6ab663c910654cf41bc1115ad1794191) Importer(815301076,1909f56bfc062723c751e8b465ee728b)
Start importing Assets/Prefabs/CapturePoint.prefab using Guid(6ab663c910654cf41bc1115ad1794191) Importer(815301076,1909f56bfc062723c751e8b465ee728b)  -> (artifact id: '7965ba93250bed99e6190f655271762a') in 0.024534 seconds 
========================================================================
Received Import Request.
  Time since last request: 10.493546 seconds.
  path: Assets/Prefabs/CapturePoint.prefab
  artifactKey: Guid(6ab663c910654cf41bc1115ad1794191) Importer(815301076,1909f56bfc062723c751e8b465ee728b)
Start importing Assets/Prefabs/CapturePoint.prefab using Guid(6ab663c910654cf41bc1115ad1794191) Importer(815301076,1909f56bfc062723c751e8b465ee728b)  -> (artifact id: 'd647b708960ea361c0f75320605e7f7b') in 0.016132 seconds 
========================================================================
Received Import Request.
  Time since last request: 12.347395 seconds.
  path: Assets/Prefabs/CapturePoint.prefab
  artifactKey: Guid(6ab663c910654cf41bc1115ad1794191) Importer(815301076,1909f56bfc062723c751e8b465ee728b)
Start importing Assets/Prefabs/CapturePoint.prefab using Guid(6ab663c910654cf41bc1115ad1794191) Importer(815301076,1909f56bfc062723c751e8b465ee728b)  -> (artifact id: 'edb5d188533458bf406cb3e579b18a91') in 0.028496 seconds 
========================================================================
Received Import Request.
  Time since last request: 2.318642 seconds.
  path: Assets/Prefabs/CapturePoint.prefab
  artifactKey: Guid(6ab663c910654cf41bc1115ad1794191) Importer(815301076,1909f56bfc062723c751e8b465ee728b)
Start importing Assets/Prefabs/CapturePoint.prefab using Guid(6ab663c910654cf41bc1115ad1794191) Importer(815301076,1909f56bfc062723c751e8b465ee728b)  -> (artifact id: '5610793c37135551476d8f90a83ea5f0') in 0.020146 seconds 
========================================================================
Received Import Request.
  Time since last request: 5.773014 seconds.
  path: Assets/Prefabs/CapturePoint.prefab
  artifactKey: Guid(6ab663c910654cf41bc1115ad1794191) Importer(815301076,1909f56bfc062723c751e8b465ee728b)
Start importing Assets/Prefabs/CapturePoint.prefab using Guid(6ab663c910654cf41bc1115ad1794191) Importer(815301076,1909f56bfc062723c751e8b465ee728b)  -> (artifact id: '265030d7ed368fec27cb92b57cd88b4a') in 0.029893 seconds 
========================================================================
Received Import Request.
  Time since last request: 17.726000 seconds.
  path: Assets/Prefabs/CapturePoint.prefab
  artifactKey: Guid(6ab663c910654cf41bc1115ad1794191) Importer(815301076,1909f56bfc062723c751e8b465ee728b)
Start importing Assets/Prefabs/CapturePoint.prefab using Guid(6ab663c910654cf41bc1115ad1794191) Importer(815301076,1909f56bfc062723c751e8b465ee728b)  -> (artifact id: '2e0b85510c1bc0d55927208f78cbc9ab') in 0.022091 seconds 
========================================================================
Received Import Request.
  Time since last request: 3.313836 seconds.
  path: Assets/Prefabs/CapturePoint.prefab
  artifactKey: Guid(6ab663c910654cf41bc1115ad1794191) Importer(815301076,1909f56bfc062723c751e8b465ee728b)
Start importing Assets/Prefabs/CapturePoint.prefab using Guid(6ab663c910654cf41bc1115ad1794191) Importer(815301076,1909f56bfc062723c751e8b465ee728b)  -> (artifact id: '129c6acf8a60caca1ea65656013550d8') in 0.049759 seconds 
========================================================================
Received Import Request.
  Time since last request: 4.057004 seconds.
  path: Assets/Prefabs/CapturePoint.prefab
  artifactKey: Guid(6ab663c910654cf41bc1115ad1794191) Importer(815301076,1909f56bfc062723c751e8b465ee728b)
Start importing Assets/Prefabs/CapturePoint.prefab using Guid(6ab663c910654cf41bc1115ad1794191) Importer(815301076,1909f56bfc062723c751e8b465ee728b)  -> (artifact id: '2b9646b571446847f370b4ca21e2d3ea') in 0.019879 seconds 
========================================================================
Received Import Request.
  Time since last request: 2.646402 seconds.
  path: Assets/Prefabs/CapturePoint.prefab
  artifactKey: Guid(6ab663c910654cf41bc1115ad1794191) Importer(815301076,1909f56bfc062723c751e8b465ee728b)
Start importing Assets/Prefabs/CapturePoint.prefab using Guid(6ab663c910654cf41bc1115ad1794191) Importer(815301076,1909f56bfc062723c751e8b465ee728b)  -> (artifact id: '6cf919fbaeec93ed60c2c310d6eecfe7') in 0.019125 seconds 
========================================================================
Received Import Request.
  Time since last request: 1.999341 seconds.
  path: Assets/Prefabs/CapturePoint.prefab
  artifactKey: Guid(6ab663c910654cf41bc1115ad1794191) Importer(815301076,1909f56bfc062723c751e8b465ee728b)
Start importing Assets/Prefabs/CapturePoint.prefab using Guid(6ab663c910654cf41bc1115ad1794191) Importer(815301076,1909f56bfc062723c751e8b465ee728b)  -> (artifact id: '4020499d3690de6124fe2090853a6bd2') in 0.017828 seconds 
========================================================================
Received Import Request.
  Time since last request: 3.304035 seconds.
  path: Assets/Prefabs/CapturePoint.prefab
  artifactKey: Guid(6ab663c910654cf41bc1115ad1794191) Importer(815301076,1909f56bfc062723c751e8b465ee728b)
Start importing Assets/Prefabs/CapturePoint.prefab using Guid(6ab663c910654cf41bc1115ad1794191) Importer(815301076,1909f56bfc062723c751e8b465ee728b)  -> (artifact id: '1bf504e1946e695005c5738cfbf9fa7f') in 0.016290 seconds 
========================================================================
Received Import Request.
  Time since last request: 11.563731 seconds.
  path: Assets/Prefabs/CapturePoint.prefab
  artifactKey: Guid(6ab663c910654cf41bc1115ad1794191) Importer(815301076,1909f56bfc062723c751e8b465ee728b)
Start importing Assets/Prefabs/CapturePoint.prefab using Guid(6ab663c910654cf41bc1115ad1794191) Importer(815301076,1909f56bfc062723c751e8b465ee728b)  -> (artifact id: '7fb4682e7e1f507af210d90afaa546bf') in 0.018821 seconds 
========================================================================
Received Import Request.
  Time since last request: 4.549213 seconds.
  path: Assets/Prefabs/CapturePoint.prefab
  artifactKey: Guid(6ab663c910654cf41bc1115ad1794191) Importer(815301076,1909f56bfc062723c751e8b465ee728b)
Start importing Assets/Prefabs/CapturePoint.prefab using Guid(6ab663c910654cf41bc1115ad1794191) Importer(815301076,1909f56bfc062723c751e8b465ee728b)  -> (artifact id: '1bf606e667cbdd146371e3c5cf1560ce') in 0.017027 seconds 
========================================================================
Received Import Request.
  Time since last request: 9.476510 seconds.
  path: Assets/Prefabs/CapturePoint.prefab
  artifactKey: Guid(6ab663c910654cf41bc1115ad1794191) Importer(815301076,1909f56bfc062723c751e8b465ee728b)
Start importing Assets/Prefabs/CapturePoint.prefab using Guid(6ab663c910654cf41bc1115ad1794191) Importer(815301076,1909f56bfc062723c751e8b465ee728b)  -> (artifact id: '05265f8f6aa11958834a26bf38d41f7a') in 0.028812 seconds 
========================================================================
Received Import Request.
  Time since last request: 13.458107 seconds.
  path: Assets/Prefabs/CapturePoint.prefab
  artifactKey: Guid(6ab663c910654cf41bc1115ad1794191) Importer(815301076,1909f56bfc062723c751e8b465ee728b)
Start importing Assets/Prefabs/CapturePoint.prefab using Guid(6ab663c910654cf41bc1115ad1794191) Importer(815301076,1909f56bfc062723c751e8b465ee728b)  -> (artifact id: '0901716cc27c8a64f1ce07a16d3e0a56') in 0.022655 seconds 
========================================================================
Received Import Request.
  Time since last request: 1.114961 seconds.
  path: Assets/Prefabs/CapturePoint.prefab
  artifactKey: Guid(6ab663c910654cf41bc1115ad1794191) Importer(815301076,1909f56bfc062723c751e8b465ee728b)
Start importing Assets/Prefabs/CapturePoint.prefab using Guid(6ab663c910654cf41bc1115ad1794191) Importer(815301076,1909f56bfc062723c751e8b465ee728b)  -> (artifact id: 'cb4cdba2bd589abaa4d0918048718f76') in 0.027165 seconds 
========================================================================
Received Import Request.
  Time since last request: 23.935083 seconds.
  path: Assets/Prefabs/CapturePoint.prefab
  artifactKey: Guid(6ab663c910654cf41bc1115ad1794191) Importer(815301076,1909f56bfc062723c751e8b465ee728b)
Start importing Assets/Prefabs/CapturePoint.prefab using Guid(6ab663c910654cf41bc1115ad1794191) Importer(815301076,1909f56bfc062723c751e8b465ee728b)  -> (artifact id: 'da66ee05ef1de41e36fb86c771541c9e') in 0.028146 seconds 
========================================================================
Received Import Request.
  Time since last request: 12.792794 seconds.
  path: Assets/Prefabs/CapturePoint.prefab
  artifactKey: Guid(6ab663c910654cf41bc1115ad1794191) Importer(815301076,1909f56bfc062723c751e8b465ee728b)
Start importing Assets/Prefabs/CapturePoint.prefab using Guid(6ab663c910654cf41bc1115ad1794191) Importer(815301076,1909f56bfc062723c751e8b465ee728b)  -> (artifact id: '9d5df7b37e8be276e5086ff11bb3a7ec') in 0.025681 seconds 
========================================================================
Received Import Request.
  Time since last request: 6.795640 seconds.
  path: Assets/Prefabs/CapturePoint.prefab
  artifactKey: Guid(6ab663c910654cf41bc1115ad1794191) Importer(815301076,1909f56bfc062723c751e8b465ee728b)
Start importing Assets/Prefabs/CapturePoint.prefab using Guid(6ab663c910654cf41bc1115ad1794191) Importer(815301076,1909f56bfc062723c751e8b465ee728b)  -> (artifact id: '36d150719a1ce1a794bff6a96a9cc651') in 0.017276 seconds 
========================================================================
Received Import Request.
  Time since last request: 1.348744 seconds.
  path: Assets/Prefabs/CapturePoint.prefab
  artifactKey: Guid(6ab663c910654cf41bc1115ad1794191) Importer(815301076,1909f56bfc062723c751e8b465ee728b)
Start importing Assets/Prefabs/CapturePoint.prefab using Guid(6ab663c910654cf41bc1115ad1794191) Importer(815301076,1909f56bfc062723c751e8b465ee728b)  -> (artifact id: '52f17e5bae77b8a66b28419174b7d122') in 0.022044 seconds 
========================================================================
Received Import Request.
  Time since last request: 1.715401 seconds.
  path: Assets/Prefabs/CapturePoint.prefab
  artifactKey: Guid(6ab663c910654cf41bc1115ad1794191) Importer(815301076,1909f56bfc062723c751e8b465ee728b)
Start importing Assets/Prefabs/CapturePoint.prefab using Guid(6ab663c910654cf41bc1115ad1794191) Importer(815301076,1909f56bfc062723c751e8b465ee728b)  -> (artifact id: 'b54b9a3df5159f4f297c7466c9727fa9') in 0.051837 seconds 
========================================================================
Received Import Request.
  Time since last request: 2.430830 seconds.
  path: Assets/Prefabs/CapturePoint.prefab
  artifactKey: Guid(6ab663c910654cf41bc1115ad1794191) Importer(815301076,1909f56bfc062723c751e8b465ee728b)
Start importing Assets/Prefabs/CapturePoint.prefab using Guid(6ab663c910654cf41bc1115ad1794191) Importer(815301076,1909f56bfc062723c751e8b465ee728b)  -> (artifact id: '015135d7f3c9fd20db647b17a8a709fb') in 0.016731 seconds 
========================================================================
Received Import Request.
  Time since last request: 4.901219 seconds.
  path: Assets/Prefabs/CapturePoint.prefab
  artifactKey: Guid(6ab663c910654cf41bc1115ad1794191) Importer(815301076,1909f56bfc062723c751e8b465ee728b)
Start importing Assets/Prefabs/CapturePoint.prefab using Guid(6ab663c910654cf41bc1115ad1794191) Importer(815301076,1909f56bfc062723c751e8b465ee728b)  -> (artifact id: '3d95961b638d91085f0baf11ab2d356b') in 0.017074 seconds 
========================================================================
Received Import Request.
  Time since last request: 7.108606 seconds.
  path: Assets/Prefabs/CapturePoint.prefab
  artifactKey: Guid(6ab663c910654cf41bc1115ad1794191) Importer(815301076,1909f56bfc062723c751e8b465ee728b)
Start importing Assets/Prefabs/CapturePoint.prefab using Guid(6ab663c910654cf41bc1115ad1794191) Importer(815301076,1909f56bfc062723c751e8b465ee728b)  -> (artifact id: '32e4214bdaadd90636d98cd5e8ab60ab') in 0.018542 seconds 
========================================================================
Received Import Request.
  Time since last request: 15.872569 seconds.
  path: Assets/Prefabs/CapturePoint.prefab
  artifactKey: Guid(6ab663c910654cf41bc1115ad1794191) Importer(815301076,1909f56bfc062723c751e8b465ee728b)
Start importing Assets/Prefabs/CapturePoint.prefab using Guid(6ab663c910654cf41bc1115ad1794191) Importer(815301076,1909f56bfc062723c751e8b465ee728b)  -> (artifact id: '800832054524d8467de3be7e80d9ecfe') in 0.019003 seconds 
========================================================================
Received Import Request.
  Time since last request: 3.998907 seconds.
  path: Assets/Prefabs/CapturePoint.prefab
  artifactKey: Guid(6ab663c910654cf41bc1115ad1794191) Importer(815301076,1909f56bfc062723c751e8b465ee728b)
Start importing Assets/Prefabs/CapturePoint.prefab using Guid(6ab663c910654cf41bc1115ad1794191) Importer(815301076,1909f56bfc062723c751e8b465ee728b)  -> (artifact id: 'db2b910fae9c8b341de76ae8b9ada3c9') in 0.015591 seconds 
========================================================================
Received Import Request.
  Time since last request: 12.146214 seconds.
  path: Assets/Prefabs/CapturePoint.prefab
  artifactKey: Guid(6ab663c910654cf41bc1115ad1794191) Importer(815301076,1909f56bfc062723c751e8b465ee728b)
Start importing Assets/Prefabs/CapturePoint.prefab using Guid(6ab663c910654cf41bc1115ad1794191) Importer(815301076,1909f56bfc062723c751e8b465ee728b)  -> (artifact id: '82c1661caad58ec3e69a9b494234a341') in 0.016271 seconds 
========================================================================
Received Import Request.
  Time since last request: 1.985188 seconds.
  path: Assets/Prefabs/CapturePoint.prefab
  artifactKey: Guid(6ab663c910654cf41bc1115ad1794191) Importer(815301076,1909f56bfc062723c751e8b465ee728b)
Start importing Assets/Prefabs/CapturePoint.prefab using Guid(6ab663c910654cf41bc1115ad1794191) Importer(815301076,1909f56bfc062723c751e8b465ee728b)  -> (artifact id: 'dcd2ed6b8d9ff8473ee60981a2bcb310') in 0.016688 seconds 
========================================================================
Received Import Request.
  Time since last request: 1.168163 seconds.
  path: Assets/Prefabs/CapturePoint.prefab
  artifactKey: Guid(6ab663c910654cf41bc1115ad1794191) Importer(815301076,1909f56bfc062723c751e8b465ee728b)
Start importing Assets/Prefabs/CapturePoint.prefab using Guid(6ab663c910654cf41bc1115ad1794191) Importer(815301076,1909f56bfc062723c751e8b465ee728b)  -> (artifact id: 'db54ab49f624999f0a0a2174f9d9d1c2') in 0.020575 seconds 
========================================================================
Received Import Request.
  Time since last request: 2.851330 seconds.
  path: Assets/Prefabs/CapturePoint.prefab
  artifactKey: Guid(6ab663c910654cf41bc1115ad1794191) Importer(815301076,1909f56bfc062723c751e8b465ee728b)
Start importing Assets/Prefabs/CapturePoint.prefab using Guid(6ab663c910654cf41bc1115ad1794191) Importer(815301076,1909f56bfc062723c751e8b465ee728b)  -> (artifact id: 'a02109c89045be25369e79015357188b') in 0.016504 seconds 
========================================================================
Received Import Request.
  Time since last request: 1.884364 seconds.
  path: Assets/Prefabs/CapturePoint.prefab
  artifactKey: Guid(6ab663c910654cf41bc1115ad1794191) Importer(815301076,1909f56bfc062723c751e8b465ee728b)
Start importing Assets/Prefabs/CapturePoint.prefab using Guid(6ab663c910654cf41bc1115ad1794191) Importer(815301076,1909f56bfc062723c751e8b465ee728b)  -> (artifact id: '1742ef0b075b23564d053d0013b6bf18') in 0.017279 seconds 
========================================================================
Received Import Request.
  Time since last request: 4.266710 seconds.
  path: Assets/Prefabs/CapturePoint.prefab
  artifactKey: Guid(6ab663c910654cf41bc1115ad1794191) Importer(815301076,1909f56bfc062723c751e8b465ee728b)
Start importing Assets/Prefabs/CapturePoint.prefab using Guid(6ab663c910654cf41bc1115ad1794191) Importer(815301076,1909f56bfc062723c751e8b465ee728b)  -> (artifact id: '6c9febd583d869a11b4c82297f9dd7e0') in 0.023046 seconds 
========================================================================
Received Import Request.
  Time since last request: 6.902288 seconds.
  path: Assets/Prefabs/CapturePoint.prefab
  artifactKey: Guid(6ab663c910654cf41bc1115ad1794191) Importer(815301076,1909f56bfc062723c751e8b465ee728b)
Start importing Assets/Prefabs/CapturePoint.prefab using Guid(6ab663c910654cf41bc1115ad1794191) Importer(815301076,1909f56bfc062723c751e8b465ee728b)  -> (artifact id: '142c3cd5d65190178789304e38375524') in 0.019032 seconds 
========================================================================
Received Import Request.
  Time since last request: 3.949139 seconds.
  path: Assets/Prefabs/CapturePoint.prefab
  artifactKey: Guid(6ab663c910654cf41bc1115ad1794191) Importer(815301076,1909f56bfc062723c751e8b465ee728b)
Start importing Assets/Prefabs/CapturePoint.prefab using Guid(6ab663c910654cf41bc1115ad1794191) Importer(815301076,1909f56bfc062723c751e8b465ee728b)  -> (artifact id: 'bf7fc525dbafef6b14e916a20bc9dc1b') in 0.017449 seconds 
========================================================================
Received Import Request.
  Time since last request: 4.405831 seconds.
  path: Assets/Prefabs/CapturePoint.prefab
  artifactKey: Guid(6ab663c910654cf41bc1115ad1794191) Importer(815301076,1909f56bfc062723c751e8b465ee728b)
Start importing Assets/Prefabs/CapturePoint.prefab using Guid(6ab663c910654cf41bc1115ad1794191) Importer(815301076,1909f56bfc062723c751e8b465ee728b)  -> (artifact id: 'f8d59b74bcef56ee9a9bd0c519de3afc') in 0.136299 seconds 
========================================================================
Received Import Request.
  Time since last request: 2.044581 seconds.
  path: Assets/Prefabs/CapturePoint.prefab
  artifactKey: Guid(6ab663c910654cf41bc1115ad1794191) Importer(815301076,1909f56bfc062723c751e8b465ee728b)
Start importing Assets/Prefabs/CapturePoint.prefab using Guid(6ab663c910654cf41bc1115ad1794191) Importer(815301076,1909f56bfc062723c751e8b465ee728b)  -> (artifact id: '2b1f9d05fd6a61c8e0e1ab1133335b7c') in 0.025772 seconds 
========================================================================
Received Import Request.
  Time since last request: 35.964394 seconds.
  path: Assets/Prefabs/CapturePoint.prefab
  artifactKey: Guid(6ab663c910654cf41bc1115ad1794191) Importer(815301076,1909f56bfc062723c751e8b465ee728b)
Start importing Assets/Prefabs/CapturePoint.prefab using Guid(6ab663c910654cf41bc1115ad1794191) Importer(815301076,1909f56bfc062723c751e8b465ee728b)  -> (artifact id: '8e4454dc114ab1b1867000e4b5fe004b') in 0.017863 seconds 
========================================================================
Received Import Request.
  Time since last request: 5.488950 seconds.
  path: Assets/Prefabs/CapturePoint.prefab
  artifactKey: Guid(6ab663c910654cf41bc1115ad1794191) Importer(815301076,1909f56bfc062723c751e8b465ee728b)
Start importing Assets/Prefabs/CapturePoint.prefab using Guid(6ab663c910654cf41bc1115ad1794191) Importer(815301076,1909f56bfc062723c751e8b465ee728b)  -> (artifact id: '722fb8ea0473dfe40d54a2b3c68a0470') in 0.017805 seconds 
========================================================================
Received Import Request.
  Time since last request: 2.466549 seconds.
  path: Assets/Prefabs/CapturePoint.prefab
  artifactKey: Guid(6ab663c910654cf41bc1115ad1794191) Importer(815301076,1909f56bfc062723c751e8b465ee728b)
Start importing Assets/Prefabs/CapturePoint.prefab using Guid(6ab663c910654cf41bc1115ad1794191) Importer(815301076,1909f56bfc062723c751e8b465ee728b)  -> (artifact id: '0f7df894e6c77eb4c62f734b4429d465') in 0.016962 seconds 
========================================================================
Received Import Request.
  Time since last request: 1.268480 seconds.
  path: Assets/Prefabs/CapturePoint.prefab
  artifactKey: Guid(6ab663c910654cf41bc1115ad1794191) Importer(815301076,1909f56bfc062723c751e8b465ee728b)
Start importing Assets/Prefabs/CapturePoint.prefab using Guid(6ab663c910654cf41bc1115ad1794191) Importer(815301076,1909f56bfc062723c751e8b465ee728b)  -> (artifact id: '94657b343f97df43b16e29a296995f1f') in 0.043433 seconds 
========================================================================
Received Import Request.
  Time since last request: 5.702318 seconds.
  path: Assets/Prefabs/CapturePoint.prefab
  artifactKey: Guid(6ab663c910654cf41bc1115ad1794191) Importer(815301076,1909f56bfc062723c751e8b465ee728b)
Start importing Assets/Prefabs/CapturePoint.prefab using Guid(6ab663c910654cf41bc1115ad1794191) Importer(815301076,1909f56bfc062723c751e8b465ee728b)  -> (artifact id: 'b5d2422694fcf37b2cd39deccb24b7dd') in 0.027832 seconds 
========================================================================
Received Import Request.
  Time since last request: 3.246874 seconds.
  path: Assets/Prefabs/CapturePoint.prefab
  artifactKey: Guid(6ab663c910654cf41bc1115ad1794191) Importer(815301076,1909f56bfc062723c751e8b465ee728b)
Start importing Assets/Prefabs/CapturePoint.prefab using Guid(6ab663c910654cf41bc1115ad1794191) Importer(815301076,1909f56bfc062723c751e8b465ee728b)  -> (artifact id: '1b69c921e7e5cfa7529c306db92301ce') in 0.016488 seconds 
========================================================================
Received Import Request.
  Time since last request: 6.720223 seconds.
  path: Assets/Prefabs/CapturePoint.prefab
  artifactKey: Guid(6ab663c910654cf41bc1115ad1794191) Importer(815301076,1909f56bfc062723c751e8b465ee728b)
Start importing Assets/Prefabs/CapturePoint.prefab using Guid(6ab663c910654cf41bc1115ad1794191) Importer(815301076,1909f56bfc062723c751e8b465ee728b)  -> (artifact id: 'e599faed3716576e92d77688a34a4fc7') in 0.021083 seconds 
========================================================================
Received Import Request.
  Time since last request: 1.183206 seconds.
  path: Assets/Prefabs/CapturePoint.prefab
  artifactKey: Guid(6ab663c910654cf41bc1115ad1794191) Importer(815301076,1909f56bfc062723c751e8b465ee728b)
Start importing Assets/Prefabs/CapturePoint.prefab using Guid(6ab663c910654cf41bc1115ad1794191) Importer(815301076,1909f56bfc062723c751e8b465ee728b)  -> (artifact id: '200e495c041f7f85dcd86f0b964b4b4c') in 0.016098 seconds 
========================================================================
Received Import Request.
  Time since last request: 2.220617 seconds.
  path: Assets/Prefabs/CapturePoint.prefab
  artifactKey: Guid(6ab663c910654cf41bc1115ad1794191) Importer(815301076,1909f56bfc062723c751e8b465ee728b)
Start importing Assets/Prefabs/CapturePoint.prefab using Guid(6ab663c910654cf41bc1115ad1794191) Importer(815301076,1909f56bfc062723c751e8b465ee728b)  -> (artifact id: 'bdba8cee47f98426c3d9151d8c8bf32a') in 0.015292 seconds 
========================================================================
Received Import Request.
  Time since last request: 1.879307 seconds.
  path: Assets/Prefabs/CapturePoint.prefab
  artifactKey: Guid(6ab663c910654cf41bc1115ad1794191) Importer(815301076,1909f56bfc062723c751e8b465ee728b)
Start importing Assets/Prefabs/CapturePoint.prefab using Guid(6ab663c910654cf41bc1115ad1794191) Importer(815301076,1909f56bfc062723c751e8b465ee728b)  -> (artifact id: 'acbdcca08fa6480b04881d95d2d897f2') in 0.020898 seconds 
========================================================================
Received Import Request.
  Time since last request: 2.827067 seconds.
  path: Assets/Prefabs/CapturePoint.prefab
  artifactKey: Guid(6ab663c910654cf41bc1115ad1794191) Importer(815301076,1909f56bfc062723c751e8b465ee728b)
Start importing Assets/Prefabs/CapturePoint.prefab using Guid(6ab663c910654cf41bc1115ad1794191) Importer(815301076,1909f56bfc062723c751e8b465ee728b)  -> (artifact id: 'af00f1e095c934859a21a55b29063e95') in 0.045191 seconds 
========================================================================
Received Import Request.
  Time since last request: 1.548129 seconds.
  path: Assets/Prefabs/CapturePoint.prefab
  artifactKey: Guid(6ab663c910654cf41bc1115ad1794191) Importer(815301076,1909f56bfc062723c751e8b465ee728b)
Start importing Assets/Prefabs/CapturePoint.prefab using Guid(6ab663c910654cf41bc1115ad1794191) Importer(815301076,1909f56bfc062723c751e8b465ee728b)  -> (artifact id: '74e32381f359afa58d95c5aeed85fce7') in 0.015729 seconds 
========================================================================
Received Import Request.
  Time since last request: 2.229458 seconds.
  path: Assets/Prefabs/CapturePoint.prefab
  artifactKey: Guid(6ab663c910654cf41bc1115ad1794191) Importer(815301076,1909f56bfc062723c751e8b465ee728b)
Start importing Assets/Prefabs/CapturePoint.prefab using Guid(6ab663c910654cf41bc1115ad1794191) Importer(815301076,1909f56bfc062723c751e8b465ee728b)  -> (artifact id: '5f53e6571e8611adb8b688006d6989d5') in 0.032897 seconds 
========================================================================
Received Import Request.
  Time since last request: 6.301341 seconds.
  path: Assets/Prefabs/CapturePoint.prefab
  artifactKey: Guid(6ab663c910654cf41bc1115ad1794191) Importer(815301076,1909f56bfc062723c751e8b465ee728b)
Start importing Assets/Prefabs/CapturePoint.prefab using Guid(6ab663c910654cf41bc1115ad1794191) Importer(815301076,1909f56bfc062723c751e8b465ee728b)  -> (artifact id: '262ea18c08cd28916c2fe03d3a191bfb') in 0.017037 seconds 
========================================================================
Received Import Request.
  Time since last request: 7.541100 seconds.
  path: Assets/Prefabs/CapturePoint.prefab
  artifactKey: Guid(6ab663c910654cf41bc1115ad1794191) Importer(815301076,1909f56bfc062723c751e8b465ee728b)
Start importing Assets/Prefabs/CapturePoint.prefab using Guid(6ab663c910654cf41bc1115ad1794191) Importer(815301076,1909f56bfc062723c751e8b465ee728b)  -> (artifact id: 'a47bbb251baf37880961c5df6cbbd33d') in 0.017606 seconds 
========================================================================
Received Import Request.
  Time since last request: 3.220346 seconds.
  path: Assets/Prefabs/CapturePoint.prefab
  artifactKey: Guid(6ab663c910654cf41bc1115ad1794191) Importer(815301076,1909f56bfc062723c751e8b465ee728b)
Start importing Assets/Prefabs/CapturePoint.prefab using Guid(6ab663c910654cf41bc1115ad1794191) Importer(815301076,1909f56bfc062723c751e8b465ee728b)  -> (artifact id: '81d3420df124e6f1472ea8b3d94bde95') in 0.023492 seconds 
========================================================================
Received Import Request.
  Time since last request: 1.826757 seconds.
  path: Assets/Prefabs/CapturePoint.prefab
  artifactKey: Guid(6ab663c910654cf41bc1115ad1794191) Importer(815301076,1909f56bfc062723c751e8b465ee728b)
Start importing Assets/Prefabs/CapturePoint.prefab using Guid(6ab663c910654cf41bc1115ad1794191) Importer(815301076,1909f56bfc062723c751e8b465ee728b)  -> (artifact id: '9550c3a3bbc90c22a1303c2bbcfaca82') in 0.022038 seconds 
========================================================================
Received Import Request.
  Time since last request: 17.997195 seconds.
  path: Assets/Prefabs/CapturePoint.prefab
  artifactKey: Guid(6ab663c910654cf41bc1115ad1794191) Importer(815301076,1909f56bfc062723c751e8b465ee728b)
Start importing Assets/Prefabs/CapturePoint.prefab using Guid(6ab663c910654cf41bc1115ad1794191) Importer(815301076,1909f56bfc062723c751e8b465ee728b)  -> (artifact id: 'ee52753a8a2bfee3b129a57fc33d335a') in 0.022930 seconds 
========================================================================
Received Import Request.
  Time since last request: 12.477334 seconds.
  path: Assets/Prefabs/CapturePoint.prefab
  artifactKey: Guid(6ab663c910654cf41bc1115ad1794191) Importer(815301076,1909f56bfc062723c751e8b465ee728b)
Start importing Assets/Prefabs/CapturePoint.prefab using Guid(6ab663c910654cf41bc1115ad1794191) Importer(815301076,1909f56bfc062723c751e8b465ee728b)  -> (artifact id: 'ccac64ecf3a5e84444a6e841b2d698d5') in 0.021522 seconds 
========================================================================
Received Import Request.
  Time since last request: 2.381271 seconds.
  path: Assets/Prefabs/CapturePoint.prefab
  artifactKey: Guid(6ab663c910654cf41bc1115ad1794191) Importer(815301076,1909f56bfc062723c751e8b465ee728b)
Start importing Assets/Prefabs/CapturePoint.prefab using Guid(6ab663c910654cf41bc1115ad1794191) Importer(815301076,1909f56bfc062723c751e8b465ee728b)  -> (artifact id: '50fd0931f999e27b2a04c6766298fe16') in 0.017909 seconds 
========================================================================
Received Import Request.
  Time since last request: 6.324630 seconds.
  path: Assets/Prefabs/CapturePoint.prefab
  artifactKey: Guid(6ab663c910654cf41bc1115ad1794191) Importer(815301076,1909f56bfc062723c751e8b465ee728b)
Start importing Assets/Prefabs/CapturePoint.prefab using Guid(6ab663c910654cf41bc1115ad1794191) Importer(815301076,1909f56bfc062723c751e8b465ee728b)  -> (artifact id: '556738622739bbe9b28994d5054c2334') in 0.016929 seconds 
========================================================================
Received Import Request.
  Time since last request: 6.060623 seconds.
  path: Assets/Prefabs/CapturePoint.prefab
  artifactKey: Guid(6ab663c910654cf41bc1115ad1794191) Importer(815301076,1909f56bfc062723c751e8b465ee728b)
Start importing Assets/Prefabs/CapturePoint.prefab using Guid(6ab663c910654cf41bc1115ad1794191) Importer(815301076,1909f56bfc062723c751e8b465ee728b)  -> (artifact id: '060195237b3d4f39b311a86ee56a6aa4') in 0.015519 seconds 
========================================================================
Received Import Request.
  Time since last request: 5.819379 seconds.
  path: Assets/Prefabs/CapturePoint.prefab
  artifactKey: Guid(6ab663c910654cf41bc1115ad1794191) Importer(815301076,1909f56bfc062723c751e8b465ee728b)
Start importing Assets/Prefabs/CapturePoint.prefab using Guid(6ab663c910654cf41bc1115ad1794191) Importer(815301076,1909f56bfc062723c751e8b465ee728b)  -> (artifact id: '0ec16e2b3bd1f0ad47773178ced46e35') in 0.020102 seconds 
========================================================================
Received Import Request.
  Time since last request: 1.784708 seconds.
  path: Assets/Prefabs/CapturePoint.prefab
  artifactKey: Guid(6ab663c910654cf41bc1115ad1794191) Importer(815301076,1909f56bfc062723c751e8b465ee728b)
Start importing Assets/Prefabs/CapturePoint.prefab using Guid(6ab663c910654cf41bc1115ad1794191) Importer(815301076,1909f56bfc062723c751e8b465ee728b)  -> (artifact id: 'd3206d027992305d58ce5595d0b1d62e') in 0.019021 seconds 
========================================================================
Received Import Request.
  Time since last request: 2.839984 seconds.
  path: Assets/Prefabs/CapturePoint.prefab
  artifactKey: Guid(6ab663c910654cf41bc1115ad1794191) Importer(815301076,1909f56bfc062723c751e8b465ee728b)
Start importing Assets/Prefabs/CapturePoint.prefab using Guid(6ab663c910654cf41bc1115ad1794191) Importer(815301076,1909f56bfc062723c751e8b465ee728b)  -> (artifact id: '00bf78b72f04ebfd9d263698779ac566') in 0.016756 seconds 
========================================================================
Received Import Request.
  Time since last request: 17.993348 seconds.
  path: Assets/Prefabs/CapturePoint.prefab
  artifactKey: Guid(6ab663c910654cf41bc1115ad1794191) Importer(815301076,1909f56bfc062723c751e8b465ee728b)
Start importing Assets/Prefabs/CapturePoint.prefab using Guid(6ab663c910654cf41bc1115ad1794191) Importer(815301076,1909f56bfc062723c751e8b465ee728b)  -> (artifact id: '3c7393b80d7da5e6d624a7066cb86af5') in 0.019897 seconds 
========================================================================
Received Import Request.
  Time since last request: 3.406740 seconds.
  path: Assets/Prefabs/CapturePoint.prefab
  artifactKey: Guid(6ab663c910654cf41bc1115ad1794191) Importer(815301076,1909f56bfc062723c751e8b465ee728b)
Start importing Assets/Prefabs/CapturePoint.prefab using Guid(6ab663c910654cf41bc1115ad1794191) Importer(815301076,1909f56bfc062723c751e8b465ee728b)  -> (artifact id: '77f7eb6cee23e079beccca220b56a63f') in 0.022699 seconds 
========================================================================
Received Import Request.
  Time since last request: 2.905677 seconds.
  path: Assets/Prefabs/CapturePoint.prefab
  artifactKey: Guid(6ab663c910654cf41bc1115ad1794191) Importer(815301076,1909f56bfc062723c751e8b465ee728b)
Start importing Assets/Prefabs/CapturePoint.prefab using Guid(6ab663c910654cf41bc1115ad1794191) Importer(815301076,1909f56bfc062723c751e8b465ee728b)  -> (artifact id: '4913c6a2affdb98e8ad1c9b2c5d99851') in 0.016897 seconds 
========================================================================
Received Import Request.
  Time since last request: 3.871871 seconds.
  path: Assets/Prefabs/CapturePoint.prefab
  artifactKey: Guid(6ab663c910654cf41bc1115ad1794191) Importer(815301076,1909f56bfc062723c751e8b465ee728b)
Start importing Assets/Prefabs/CapturePoint.prefab using Guid(6ab663c910654cf41bc1115ad1794191) Importer(815301076,1909f56bfc062723c751e8b465ee728b)  -> (artifact id: '774413c99aec1917e51d45cb2a5a112f') in 0.018067 seconds 
========================================================================
Received Import Request.
  Time since last request: 0.590589 seconds.
  path: Assets/Prefabs/CapturePoint.prefab
  artifactKey: Guid(6ab663c910654cf41bc1115ad1794191) Importer(815301076,1909f56bfc062723c751e8b465ee728b)
Start importing Assets/Prefabs/CapturePoint.prefab using Guid(6ab663c910654cf41bc1115ad1794191) Importer(815301076,1909f56bfc062723c751e8b465ee728b)  -> (artifact id: '4b2b5ab09bcdbeeae8c8476fdfd7f62d') in 0.024006 seconds 
========================================================================
Received Import Request.
  Time since last request: 0.953086 seconds.
  path: Assets/Prefabs/CapturePoint.prefab
  artifactKey: Guid(6ab663c910654cf41bc1115ad1794191) Importer(815301076,1909f56bfc062723c751e8b465ee728b)
Start importing Assets/Prefabs/CapturePoint.prefab using Guid(6ab663c910654cf41bc1115ad1794191) Importer(815301076,1909f56bfc062723c751e8b465ee728b)  -> (artifact id: '78f4f9c132a64142d3b9ddbb5871386c') in 0.015979 seconds 
========================================================================
Received Import Request.
  Time since last request: 1.744150 seconds.
  path: Assets/Prefabs/CapturePoint.prefab
  artifactKey: Guid(6ab663c910654cf41bc1115ad1794191) Importer(815301076,1909f56bfc062723c751e8b465ee728b)
Start importing Assets/Prefabs/CapturePoint.prefab using Guid(6ab663c910654cf41bc1115ad1794191) Importer(815301076,1909f56bfc062723c751e8b465ee728b)  -> (artifact id: '2d689faf0e48a844765c0b5f4b6d3422') in 0.017536 seconds 
========================================================================
Received Import Request.
  Time since last request: 1.177372 seconds.
  path: Assets/Prefabs/CapturePoint.prefab
  artifactKey: Guid(6ab663c910654cf41bc1115ad1794191) Importer(815301076,1909f56bfc062723c751e8b465ee728b)
Start importing Assets/Prefabs/CapturePoint.prefab using Guid(6ab663c910654cf41bc1115ad1794191) Importer(815301076,1909f56bfc062723c751e8b465ee728b)  -> (artifact id: 'f22e75d7dcee4a4f56ef6c37b944f410') in 0.017723 seconds 
========================================================================
Received Import Request.
  Time since last request: 5.773706 seconds.
  path: Assets/Prefabs/CapturePoint.prefab
  artifactKey: Guid(6ab663c910654cf41bc1115ad1794191) Importer(815301076,1909f56bfc062723c751e8b465ee728b)
Start importing Assets/Prefabs/CapturePoint.prefab using Guid(6ab663c910654cf41bc1115ad1794191) Importer(815301076,1909f56bfc062723c751e8b465ee728b)  -> (artifact id: '5d30fd919f465a47c709c7ee6455eb89') in 0.027437 seconds 
========================================================================
Received Import Request.
  Time since last request: 1.343557 seconds.
  path: Assets/Prefabs/CapturePoint.prefab
  artifactKey: Guid(6ab663c910654cf41bc1115ad1794191) Importer(815301076,1909f56bfc062723c751e8b465ee728b)
Start importing Assets/Prefabs/CapturePoint.prefab using Guid(6ab663c910654cf41bc1115ad1794191) Importer(815301076,1909f56bfc062723c751e8b465ee728b)  -> (artifact id: '1076017835926ac8aa3841924165227f') in 0.014051 seconds 
========================================================================
Received Import Request.
  Time since last request: 1.336895 seconds.
  path: Assets/Prefabs/CapturePoint.prefab
  artifactKey: Guid(6ab663c910654cf41bc1115ad1794191) Importer(815301076,1909f56bfc062723c751e8b465ee728b)
Start importing Assets/Prefabs/CapturePoint.prefab using Guid(6ab663c910654cf41bc1115ad1794191) Importer(815301076,1909f56bfc062723c751e8b465ee728b)  -> (artifact id: '3e9b5f7fded8c2db71445a6073e7268f') in 0.014645 seconds 
========================================================================
Received Import Request.
  Time since last request: 1.345790 seconds.
  path: Assets/Prefabs/CapturePoint.prefab
  artifactKey: Guid(6ab663c910654cf41bc1115ad1794191) Importer(815301076,1909f56bfc062723c751e8b465ee728b)
Start importing Assets/Prefabs/CapturePoint.prefab using Guid(6ab663c910654cf41bc1115ad1794191) Importer(815301076,1909f56bfc062723c751e8b465ee728b)  -> (artifact id: '5ddf38f64c7127affa2492275a479911') in 0.017818 seconds 
========================================================================
Received Import Request.
  Time since last request: 2.140416 seconds.
  path: Assets/Prefabs/CapturePoint.prefab
  artifactKey: Guid(6ab663c910654cf41bc1115ad1794191) Importer(815301076,1909f56bfc062723c751e8b465ee728b)
Start importing Assets/Prefabs/CapturePoint.prefab using Guid(6ab663c910654cf41bc1115ad1794191) Importer(815301076,1909f56bfc062723c751e8b465ee728b)  -> (artifact id: '17310666521c426c5bb9027093358420') in 0.013935 seconds 
========================================================================
Received Import Request.
  Time since last request: 1.360553 seconds.
  path: Assets/Prefabs/CapturePoint.prefab
  artifactKey: Guid(6ab663c910654cf41bc1115ad1794191) Importer(815301076,1909f56bfc062723c751e8b465ee728b)
Start importing Assets/Prefabs/CapturePoint.prefab using Guid(6ab663c910654cf41bc1115ad1794191) Importer(815301076,1909f56bfc062723c751e8b465ee728b)  -> (artifact id: '1bcf05b9f951a7bae611debb780864fc') in 0.022498 seconds 
========================================================================
Received Import Request.
  Time since last request: 1.145505 seconds.
  path: Assets/Prefabs/CapturePoint.prefab
  artifactKey: Guid(6ab663c910654cf41bc1115ad1794191) Importer(815301076,1909f56bfc062723c751e8b465ee728b)
Start importing Assets/Prefabs/CapturePoint.prefab using Guid(6ab663c910654cf41bc1115ad1794191) Importer(815301076,1909f56bfc062723c751e8b465ee728b)  -> (artifact id: '0a563277dfc673fb6530845e9a3ba547') in 0.014886 seconds 
========================================================================
Received Import Request.
  Time since last request: 1.190649 seconds.
  path: Assets/Prefabs/CapturePoint.prefab
  artifactKey: Guid(6ab663c910654cf41bc1115ad1794191) Importer(815301076,1909f56bfc062723c751e8b465ee728b)
Start importing Assets/Prefabs/CapturePoint.prefab using Guid(6ab663c910654cf41bc1115ad1794191) Importer(815301076,1909f56bfc062723c751e8b465ee728b)  -> (artifact id: 'd6c75b674016db7c545daddc5339b28c') in 0.022512 seconds 
========================================================================
Received Prepare
Registering precompiled user dll's ...
Registered in 0.012368 seconds.
Begin MonoManager ReloadAssembly
Symbol file LoadedFromMemory doesn't match image G:\Git\Unity\AwesomeMechaMaps\Library\PackageCache\com.unity.visualscripting@1.6.1\Editor\VisualScripting.Core\Dependencies\YamlDotNet\Unity.VisualScripting.YamlDotNet.dll
Symbol file LoadedFromMemory doesn't match image G:\Git\Unity\AwesomeMechaMaps\Library\PackageCache\com.unity.visualscripting@1.6.1\Editor\VisualScripting.Core\Dependencies\DotNetZip\Unity.VisualScripting.IonicZip.dll
Native extension for WindowsStandalone target not found
Refreshing native plugins compatible for Editor in 1898.21 ms, found 3 plugins.
Preloading 0 native plugins for Editor in 0.00 ms.
Warning: Annotation not found!
UnityEngine.StackTraceUtility:ExtractStackTrace ()
UnityEditor.ProBuilder.EditorUtility:SetGizmoIconEnabled (System.Type,bool) (at Library/PackageCache/com.unity.probuilder@5.0.3/Editor/EditorCore/EditorUtility.cs:575)
UnityEditor.ProBuilder.HierarchyListener:.cctor () (at Library/PackageCache/com.unity.probuilder@5.0.3/Editor/EditorCore/HierarchyListener.cs:21)
System.Runtime.CompilerServices.RuntimeHelpers:RunClassConstructor (System.RuntimeTypeHandle)
UnityEditor.EditorAssemblies:ProcessInitializeOnLoadAttributes (System.Type[])

[Library/PackageCache/com.unity.probuilder@5.0.3/Editor/EditorCore/EditorUtility.cs line 575]

Mono: successfully reloaded assembly
- Completed reload, in 20.561 seconds
Domain Reload Profiling:
	ReloadAssembly (20562ms)
		BeginReloadAssembly (899ms)
			ExecutionOrderSort (0ms)
			DisableScriptedObjects (70ms)
			BackupInstance (0ms)
			ReleaseScriptingObjects (0ms)
			CreateAndSetChildDomain (138ms)
		EndReloadAssembly (18147ms)
			LoadAssemblies (2000ms)
			RebuildTransferFunctionScriptingTraits (0ms)
			SetupTypeCache (5918ms)
			ReleaseScriptCaches (7ms)
			RebuildScriptCaches (444ms)
			SetupLoadedEditorAssemblies (6450ms)
				LogAssemblyErrors (0ms)
				InitializePlatformSupportModulesInManaged (125ms)
				SetLoadedEditorAssemblies (7ms)
				RefreshPlugins (1898ms)
				BeforeProcessingInitializeOnLoad (685ms)
				ProcessInitializeOnLoadAttributes (3697ms)
				ProcessInitializeOnLoadMethodAttributes (15ms)
				AfterProcessingInitializeOnLoad (22ms)
				EditorAssembliesLoaded (1ms)
			ExecutionOrderSort2 (0ms)
			AwakeInstancesAfterBackupRestoration (28ms)
Platform modules already initialized, skipping
Refreshing native plugins compatible for Editor in 2.46 ms, found 3 plugins.
Preloading 0 native plugins for Editor in 0.00 ms.
Unloading 3613 Unused Serialized files (Serialized files now loaded: 0)
System memory in use before: 145.7 MB.
System memory in use after: 146.0 MB.

Unloading 15 unused Assets to reduce memory usage. Loaded Objects now: 4110.
Total: 12.554500 ms (FindLiveObjects: 0.775200 ms CreateObjectMapping: 0.208500 ms MarkObjects: 11.497900 ms  DeleteObjects: 0.066900 ms)

AssetImportParameters requested are different than current active one (requested -> active):
  custom:framework-win-MediaFoundation: 216162199b28c13a410421893ffa2e32 -> 
  custom:video-decoder-ogg-theora: a1e56fd34408186e4bbccfd4996cb3dc -> 
  custom:container-muxer-webm: aa71ff27fc2769a1b78a27578f13a17b -> 
  custom:container-demuxer-webm: 4f35f7cbe854078d1ac9338744f61a02 -> 
  custom:container-demuxer-ogg: 62fdf1f143b41e24485cea50d1cbac27 -> 
  custom:video-encoder-webm-vp8: eb34c28f22e8b96e1ab97ce403110664 -> 
  custom:video-decoder-webm-vp8: 9c59270c3fd7afecdb556c50c9e8de78 -> 
  custom:audio-decoder-ogg-vorbis: bf7c407c2cedff20999df2af8eb42d56 -> 
  custom:audio-encoder-webm-vorbis: bf7c407c2cedff20999df2af8eb42d56 -> 
========================================================================
Received Prepare
Registering precompiled user dll's ...
Registered in 0.022548 seconds.
Begin MonoManager ReloadAssembly
Symbol file LoadedFromMemory doesn't match image G:\Git\Unity\AwesomeMechaMaps\Library\PackageCache\com.unity.visualscripting@1.6.1\Editor\VisualScripting.Core\Dependencies\YamlDotNet\Unity.VisualScripting.YamlDotNet.dll
Symbol file LoadedFromMemory doesn't match image G:\Git\Unity\AwesomeMechaMaps\Library\PackageCache\com.unity.visualscripting@1.6.1\Editor\VisualScripting.Core\Dependencies\DotNetZip\Unity.VisualScripting.IonicZip.dll
Native extension for WindowsStandalone target not found
Refreshing native plugins compatible for Editor in 4.72 ms, found 3 plugins.
Preloading 0 native plugins for Editor in 0.00 ms.
Warning: Annotation not found!
UnityEngine.StackTraceUtility:ExtractStackTrace ()
UnityEditor.ProBuilder.EditorUtility:SetGizmoIconEnabled (System.Type,bool) (at Library/PackageCache/com.unity.probuilder@5.0.3/Editor/EditorCore/EditorUtility.cs:575)
UnityEditor.ProBuilder.HierarchyListener:.cctor () (at Library/PackageCache/com.unity.probuilder@5.0.3/Editor/EditorCore/HierarchyListener.cs:21)
System.Runtime.CompilerServices.RuntimeHelpers:RunClassConstructor (System.RuntimeTypeHandle)
UnityEditor.EditorAssemblies:ProcessInitializeOnLoadAttributes (System.Type[])

[Library/PackageCache/com.unity.probuilder@5.0.3/Editor/EditorCore/EditorUtility.cs line 575]

Mono: successfully reloaded assembly
- Completed reload, in  4.626 seconds
Domain Reload Profiling:
	ReloadAssembly (4628ms)
		BeginReloadAssembly (656ms)
			ExecutionOrderSort (0ms)
			DisableScriptedObjects (31ms)
			BackupInstance (0ms)
			ReleaseScriptingObjects (1ms)
			CreateAndSetChildDomain (183ms)
		EndReloadAssembly (3699ms)
			LoadAssemblies (570ms)
			RebuildTransferFunctionScriptingTraits (0ms)
			SetupTypeCache (1475ms)
			ReleaseScriptCaches (2ms)
			RebuildScriptCaches (140ms)
			SetupLoadedEditorAssemblies (1340ms)
				LogAssemblyErrors (0ms)
				InitializePlatformSupportModulesInManaged (15ms)
				SetLoadedEditorAssemblies (1ms)
				RefreshPlugins (5ms)
				BeforeProcessingInitializeOnLoad (223ms)
				ProcessInitializeOnLoadAttributes (1047ms)
				ProcessInitializeOnLoadMethodAttributes (28ms)
				AfterProcessingInitializeOnLoad (20ms)
				EditorAssembliesLoaded (1ms)
			ExecutionOrderSort2 (0ms)
			AwakeInstancesAfterBackupRestoration (40ms)
Platform modules already initialized, skipping
Refreshing native plugins compatible for Editor in 4.44 ms, found 3 plugins.
Preloading 0 native plugins for Editor in 0.00 ms.
Unloading 3613 Unused Serialized files (Serialized files now loaded: 0)
System memory in use before: 145.8 MB.
System memory in use after: 146.0 MB.

Unloading 15 unused Assets to reduce memory usage. Loaded Objects now: 4112.
Total: 14.099400 ms (FindLiveObjects: 1.628100 ms CreateObjectMapping: 0.302400 ms MarkObjects: 12.112500 ms  DeleteObjects: 0.052900 ms)

AssetImportParameters requested are different than current active one (requested -> active):
  custom:framework-win-MediaFoundation: 216162199b28c13a410421893ffa2e32 -> 
  custom:video-decoder-ogg-theora: a1e56fd34408186e4bbccfd4996cb3dc -> 
  custom:container-muxer-webm: aa71ff27fc2769a1b78a27578f13a17b -> 
  custom:container-demuxer-webm: 4f35f7cbe854078d1ac9338744f61a02 -> 
  custom:container-demuxer-ogg: 62fdf1f143b41e24485cea50d1cbac27 -> 
  custom:video-encoder-webm-vp8: eb34c28f22e8b96e1ab97ce403110664 -> 
  custom:video-decoder-webm-vp8: 9c59270c3fd7afecdb556c50c9e8de78 -> 
  custom:audio-decoder-ogg-vorbis: bf7c407c2cedff20999df2af8eb42d56 -> 
  custom:audio-encoder-webm-vorbis: bf7c407c2cedff20999df2af8eb42d56 -> 
AssetImportWorkerClient::OnTransportError - code=2 error=End of file
